c:\users\bowen\cs3113\visualstudiosdlproject\sdlproject\debug\vc142.pdb
c:\users\bowen\cs3113\visualstudiosdlproject\sdlproject\debug\vc142.idb
c:\users\bowen\cs3113\visualstudiosdlproject\sdlproject\debug\shaderprogram.obj
c:\users\bowen\cs3113\visualstudiosdlproject\sdlproject\debug\main.obj
c:\users\bowen\cs3113\visualstudiosdlproject\sdlproject\debug\entity.obj
c:\users\bowen\cs3113\visualstudiosdlproject\sdlproject\debug\map.obj
c:\users\bowen\cs3113\visualstudiosdlproject\sdlproject\debug\util.obj
c:\users\bowen\cs3113\visualstudiosdlproject\sdlproject\debug\scene.obj
c:\users\bowen\cs3113\visualstudiosdlproject\sdlproject\debug\menu.obj
c:\users\bowen\cs3113\visualstudiosdlproject\sdlproject\debug\level3.obj
c:\users\bowen\cs3113\visualstudiosdlproject\sdlproject\debug\level2.obj
c:\users\bowen\cs3113\visualstudiosdlproject\sdlproject\debug\level1.obj
c:\users\bowen\cs3113\visualstudiosdlproject\sdlproject\debug\effect.obj
c:\users\bowen\cs3113\visualstudiosdlproject\sdlproject\debug\glew32.dll
c:\users\bowen\cs3113\visualstudiosdlproject\sdlproject\debug\sdl2.dll
c:\users\bowen\cs3113\visualstudiosdlproject\sdlproject\debug\sdlproject.exe
c:\users\bowen\cs3113\visualstudiosdlproject\sdlproject\debug\sdlproject.ilk
c:\users\bowen\cs3113\visualstudiosdlproject\sdlproject\debug\sdlproject.pdb
c:\users\bowen\cs3113\visualstudiosdlproject\sdlproject\debug\sdlproject.tlog\cl.command.1.tlog
c:\users\bowen\cs3113\visualstudiosdlproject\sdlproject\debug\sdlproject.tlog\cl.read.1.tlog
c:\users\bowen\cs3113\visualstudiosdlproject\sdlproject\debug\sdlproject.tlog\cl.write.1.tlog
c:\users\bowen\cs3113\visualstudiosdlproject\sdlproject\debug\sdlproject.tlog\copyfile.command.1.tlog
c:\users\bowen\cs3113\visualstudiosdlproject\sdlproject\debug\sdlproject.tlog\copyfile.read.1.tlog
c:\users\bowen\cs3113\visualstudiosdlproject\sdlproject\debug\sdlproject.tlog\copyfile.write.1.tlog
c:\users\bowen\cs3113\visualstudiosdlproject\sdlproject\debug\sdlproject.tlog\link.command.1.tlog
c:\users\bowen\cs3113\visualstudiosdlproject\sdlproject\debug\sdlproject.tlog\link.read.1.tlog
c:\users\bowen\cs3113\visualstudiosdlproject\sdlproject\debug\sdlproject.tlog\link.write.1.tlog
