  Effect.cpp
C:\Users\bowen\cs3113\VisualStudioSDLProject\SDLProject\Effect.h(8,10): fatal error C1083: Cannot open include file: 'SDL.h': No such file or directory
  Level1.cpp
C:\Users\bowen\cs3113\VisualStudioSDLProject\SDLProject\Scene.h(6,10): fatal error C1083: Cannot open include file: 'SDL.h': No such file or directory
  Level2.cpp
C:\Users\bowen\cs3113\VisualStudioSDLProject\SDLProject\Scene.h(6,10): fatal error C1083: Cannot open include file: 'SDL.h': No such file or directory
  Level3.cpp
C:\Users\bowen\cs3113\VisualStudioSDLProject\SDLProject\Scene.h(6,10): fatal error C1083: Cannot open include file: 'SDL.h': No such file or directory
  main.cpp
C:\Users\bowen\cs3113\VisualStudioSDLProject\SDLProject\main.cpp(7,10): fatal error C1083: Cannot open include file: 'SDL_mixer.h': No such file or directory
  Map.cpp
C:\Users\bowen\cs3113\VisualStudioSDLProject\SDLProject\Map.h(8,10): fatal error C1083: Cannot open include file: 'SDL.h': No such file or directory
  Menu.cpp
C:\Users\bowen\cs3113\VisualStudioSDLProject\SDLProject\Scene.h(6,10): fatal error C1083: Cannot open include file: 'SDL.h': No such file or directory
  Scene.cpp
C:\Users\bowen\cs3113\VisualStudioSDLProject\SDLProject\Scene.h(6,10): fatal error C1083: Cannot open include file: 'SDL.h': No such file or directory
  ShaderProgram.cpp
C:\Users\bowen\cs3113\VisualStudioSDLProject\SDLProject\ShaderProgram.h(7,10): fatal error C1083: Cannot open include file: 'SDL_opengl.h': No such file or directory
  Entity.cpp
C:\Users\bowen\cs3113\VisualStudioSDLProject\SDLProject\Entity.h(8,10): fatal error C1083: Cannot open include file: 'SDL_mixer.h': No such file or directory
  Util.cpp
C:\Users\bowen\cs3113\VisualStudioSDLProject\SDLProject\Util.h(7,10): fatal error C1083: Cannot open include file: 'SDL.h': No such file or directory
  Generating Code...
